0 info it worked if it ends with ok
1 verbose cli [ '/usr/local/bin/node',
1 verbose cli   '/usr/local/bin/npm',
1 verbose cli   'run',
1 verbose cli   'test-watch' ]
2 info using npm@3.8.6
3 info using node@v6.0.0
4 verbose run-script [ 'pretest-watch', 'test-watch', 'posttest-watch' ]
5 info lifecycle hackable@1.4.0~pretest-watch: hackable@1.4.0
6 silly lifecycle hackable@1.4.0~pretest-watch: no script for pretest-watch, continuing
7 info lifecycle hackable@1.4.0~test-watch: hackable@1.4.0
8 verbose lifecycle hackable@1.4.0~test-watch: unsafe-perm in lifecycle true
9 verbose lifecycle hackable@1.4.0~test-watch: PATH: /usr/local/lib/node_modules/npm/bin/node-gyp-bin:/app/node_modules/.bin:/usr/local/bin:/usr/local/sbin:/usr/local/bin:/usr/sbin:/usr/bin:/sbin:/bin
10 verbose lifecycle hackable@1.4.0~test-watch: CWD: /app
11 silly lifecycle hackable@1.4.0~test-watch: Args: [ '-c',
11 silly lifecycle   'PORT=9999 TEST=true nodemon --exec \'mocha --reporter spec --timeout 5000 --compilers js:babel-core/register\'' ]
12 silly lifecycle hackable@1.4.0~test-watch: Returned: code: 1  signal: null
13 info lifecycle hackable@1.4.0~test-watch: Failed to exec test-watch script
14 verbose stack Error: hackable@1.4.0 test-watch: `PORT=9999 TEST=true nodemon --exec 'mocha --reporter spec --timeout 5000 --compilers js:babel-core/register'`
14 verbose stack Exit status 1
14 verbose stack     at EventEmitter.<anonymous> (/usr/local/lib/node_modules/npm/lib/utils/lifecycle.js:239:16)
14 verbose stack     at emitTwo (events.js:106:13)
14 verbose stack     at EventEmitter.emit (events.js:191:7)
14 verbose stack     at ChildProcess.<anonymous> (/usr/local/lib/node_modules/npm/lib/utils/spawn.js:24:14)
14 verbose stack     at emitTwo (events.js:106:13)
14 verbose stack     at ChildProcess.emit (events.js:191:7)
14 verbose stack     at maybeClose (internal/child_process.js:850:16)
14 verbose stack     at Process.ChildProcess._handle.onexit (internal/child_process.js:215:5)
15 verbose pkgid hackable@1.4.0
16 verbose cwd /app
17 error Linux 4.2.0-35-generic
18 error argv "/usr/local/bin/node" "/usr/local/bin/npm" "run" "test-watch"
19 error node v6.0.0
20 error npm  v3.8.6
21 error code ELIFECYCLE
22 error hackable@1.4.0 test-watch: `PORT=9999 TEST=true nodemon --exec 'mocha --reporter spec --timeout 5000 --compilers js:babel-core/register'`
22 error Exit status 1
23 error Failed at the hackable@1.4.0 test-watch script 'PORT=9999 TEST=true nodemon --exec 'mocha --reporter spec --timeout 5000 --compilers js:babel-core/register''.
23 error Make sure you have the latest version of node.js and npm installed.
23 error If you do, this is most likely a problem with the hackable package,
23 error not with npm itself.
23 error Tell the author that this fails on your system:
23 error     PORT=9999 TEST=true nodemon --exec 'mocha --reporter spec --timeout 5000 --compilers js:babel-core/register'
23 error You can get information on how to open an issue for this project with:
23 error     npm bugs hackable
23 error Or if that isn't available, you can get their info via:
23 error     npm owner ls hackable
23 error There is likely additional logging output above.
24 verbose exit [ 1, true ]
